d:\github\itm_obj_auto_scan\itm_obj_auto_scan\itm_obj_auto_scan\itm_obj_auto_scan.dir\debug\vc140.pdb
d:\github\itm_obj_auto_scan\itm_obj_auto_scan\itm_obj_auto_scan\itm_obj_auto_scan.dir\debug\mainwindow.obj
d:\github\itm_obj_auto_scan\itm_obj_auto_scan\itm_obj_auto_scan\itm_obj_auto_scan.dir\debug\observerfactory.obj
d:\github\itm_obj_auto_scan\itm_obj_auto_scan\itm_obj_auto_scan\itm_obj_auto_scan.dir\debug\observer.obj
d:\github\itm_obj_auto_scan\itm_obj_auto_scan\itm_obj_auto_scan\itm_obj_auto_scan.dir\debug\main.obj
d:\github\itm_obj_auto_scan\itm_obj_auto_scan\itm_obj_auto_scan\itm_obj_auto_scan.dir\debug\uiengine.obj
d:\github\itm_obj_auto_scan\itm_obj_auto_scan\itm_obj_auto_scan\itm_obj_auto_scan.dir\debug\itmengine.obj
d:\github\itm_obj_auto_scan\itm_obj_auto_scan\itm_obj_auto_scan\itm_obj_auto_scan.dir\debug\qrc_itm_obj_auto_scan.obj
d:\github\itm_obj_auto_scan\itm_obj_auto_scan\itm_obj_auto_scan\itm_obj_auto_scan.dir\debug\moc_observer.obj
d:\github\itm_obj_auto_scan\itm_obj_auto_scan\itm_obj_auto_scan\itm_obj_auto_scan.dir\debug\moc_mainwindow.obj
d:\github\itm_obj_auto_scan\itm_obj_auto_scan\itm_obj_auto_scan\itm_obj_auto_scan.dir\debug\realsenseengine.obj
d:\github\itm_obj_auto_scan\itm_obj_auto_scan\itm_obj_auto_scan\itm_obj_auto_scan.dir\debug\picoflexxengine.obj
d:\github\itm_obj_auto_scan\itm_obj_auto_scan\itm_obj_auto_scan\itm_obj_auto_scan.dir\debug\openniengine.obj
d:\github\itm_obj_auto_scan\itm_obj_auto_scan\itm_obj_auto_scan\itm_obj_auto_scan.dir\debug\libuvcengine.obj
d:\github\itm_obj_auto_scan\itm_obj_auto_scan\itm_obj_auto_scan\itm_obj_auto_scan.dir\debug\kinect2engine.obj
d:\github\itm_obj_auto_scan\itm_obj_auto_scan\itm_obj_auto_scan\itm_obj_auto_scan.dir\debug\imusourceengine.obj
d:\github\itm_obj_auto_scan\itm_obj_auto_scan\itm_obj_auto_scan\itm_obj_auto_scan.dir\debug\imagesourceengine.obj
d:\github\itm_obj_auto_scan\itm_obj_auto_scan\itm_obj_auto_scan\itm_obj_auto_scan.dir\debug\idleimagesourceengine.obj
d:\github\itm_obj_auto_scan\itm_obj_auto_scan\itm_obj_auto_scan\itm_obj_auto_scan.dir\debug\ffmpegwriter.obj
d:\github\itm_obj_auto_scan\itm_obj_auto_scan\itm_obj_auto_scan\itm_obj_auto_scan.dir\debug\ffmpegreader.obj
d:\github\itm_obj_auto_scan\itm_obj_auto_scan\itm_obj_auto_scan\itm_obj_auto_scan.dir\debug\compositeimagesourceengine.obj
d:\github\itm_obj_auto_scan\itm_obj_auto_scan\itm_obj_auto_scan\debug\itm_obj_auto_scan.lib
d:\github\itm_obj_auto_scan\itm_obj_auto_scan\itm_obj_auto_scan\debug\itm_obj_auto_scan.exp
d:\github\itm_obj_auto_scan\itm_obj_auto_scan\itm_obj_auto_scan\debug\itm_obj_auto_scan.ilk
d:\github\itm_obj_auto_scan\itm_obj_auto_scan\itm_obj_auto_scan\debug\itm_obj_auto_scan.exe
d:\github\itm_obj_auto_scan\itm_obj_auto_scan\itm_obj_auto_scan\debug\infinitam.pdb
d:\github\itm_obj_auto_scan\itm_obj_auto_scan\itm_obj_auto_scan\itm_obj_auto_scan.dir\debug\itm_obj_.a462a788.tlog\cl.command.1.tlog
d:\github\itm_obj_auto_scan\itm_obj_auto_scan\itm_obj_auto_scan\itm_obj_auto_scan.dir\debug\itm_obj_.a462a788.tlog\cl.read.1.tlog
d:\github\itm_obj_auto_scan\itm_obj_auto_scan\itm_obj_auto_scan\itm_obj_auto_scan.dir\debug\itm_obj_.a462a788.tlog\cl.write.1.tlog
d:\github\itm_obj_auto_scan\itm_obj_auto_scan\itm_obj_auto_scan\itm_obj_auto_scan.dir\debug\itm_obj_.a462a788.tlog\itm_obj_auto_scan.write.1u.tlog
d:\github\itm_obj_auto_scan\itm_obj_auto_scan\itm_obj_auto_scan\itm_obj_auto_scan.dir\debug\itm_obj_.a462a788.tlog\link.command.1.tlog
d:\github\itm_obj_auto_scan\itm_obj_auto_scan\itm_obj_auto_scan\itm_obj_auto_scan.dir\debug\itm_obj_.a462a788.tlog\link.read.1.tlog
d:\github\itm_obj_auto_scan\itm_obj_auto_scan\itm_obj_auto_scan\itm_obj_auto_scan.dir\debug\itm_obj_.a462a788.tlog\link.write.1.tlog
