d:\github\itm_obj_auto_scan\itm_obj_auto_scan\itmlib\itmlib.dir\debug\itmlib.pdb
d:\github\itm_obj_auto_scan\itm_obj_auto_scan\itmlib\itmlib.dir\debug\itmlibsettings.obj
d:\github\itm_obj_auto_scan\itm_obj_auto_scan\itmlib\itmlib.dir\debug\itmimutracker.obj
d:\github\itm_obj_auto_scan\itm_obj_auto_scan\itmlib\itmlib.dir\debug\itmforcefailtracker.obj
d:\github\itm_obj_auto_scan\itm_obj_auto_scan\itmlib\itmlib.dir\debug\itmfilebasedtracker.obj
d:\github\itm_obj_auto_scan\itm_obj_auto_scan\itmlib\itmlib.dir\debug\itmextendedtracker.obj
d:\github\itm_obj_auto_scan\itm_obj_auto_scan\itmlib\itmlib.dir\debug\itmdepthtracker.obj
d:\github\itm_obj_auto_scan\itm_obj_auto_scan\itmlib\itmlib.dir\debug\itmcolortracker.obj
d:\github\itm_obj_auto_scan\itm_obj_auto_scan\itmlib\itmlib.dir\debug\itmextendedtracker_cpu.obj
d:\github\itm_obj_auto_scan\itm_obj_auto_scan\itmlib\itmlib.dir\debug\itmdepthtracker_cpu.obj
d:\github\itm_obj_auto_scan\itm_obj_auto_scan\itmlib\itmlib.dir\debug\itmcolortracker_cpu.obj
d:\github\itm_obj_auto_scan\itm_obj_auto_scan\itmlib\itmlib.dir\debug\itmsurfelrenderstate.obj
d:\github\itm_obj_auto_scan\itm_obj_auto_scan\itmlib\itmlib.dir\debug\itmcalibio.obj
d:\github\itm_obj_auto_scan\itm_obj_auto_scan\itmlib\itmlib.dir\debug\itmvisualisationengine.obj
d:\github\itm_obj_auto_scan\itm_obj_auto_scan\itmlib\itmlib.dir\debug\itmviewbuilderfactory.obj
d:\github\itm_obj_auto_scan\itm_obj_auto_scan\itmlib\itmlib.dir\debug\itmviewbuilder_cpu.obj
d:\github\itm_obj_auto_scan\itm_obj_auto_scan\itmlib\itmlib.dir\debug\itmglobaladjustmentengine.obj
d:\github\itm_obj_auto_scan\itm_obj_auto_scan\itmlib\itmlib.dir\debug\itmactivemapmanager.obj
d:\github\itm_obj_auto_scan\itm_obj_auto_scan\itmlib\itmlib.dir\debug\itmlowlevelenginefactory.obj
d:\github\itm_obj_auto_scan\itm_obj_auto_scan\itmlib\itmlib.dir\debug\itmlowlevelengine_cpu.obj
d:\github\itm_obj_auto_scan\itm_obj_auto_scan\itmlib\itmlib.dir\debug\cpuinstantiations.obj
d:\code\infinitam-master\cmake_build\itmlib\debug\itmlib.lib
d:\code\infinitam-master\cmake_build\itmlib\debug\itmlib.pdb
d:\github\itm_obj_auto_scan\itm_obj_auto_scan\itmlib\itmlib.dir\debug\itmlib.tlog\cl.command.1.tlog
d:\github\itm_obj_auto_scan\itm_obj_auto_scan\itmlib\itmlib.dir\debug\itmlib.tlog\cl.read.1.tlog
d:\github\itm_obj_auto_scan\itm_obj_auto_scan\itmlib\itmlib.dir\debug\itmlib.tlog\cl.write.1.tlog
d:\github\itm_obj_auto_scan\itm_obj_auto_scan\itmlib\itmlib.dir\debug\itmlib.tlog\lib-link.read.1.tlog
d:\github\itm_obj_auto_scan\itm_obj_auto_scan\itmlib\itmlib.dir\debug\itmlib.tlog\lib-link.write.1.tlog
d:\github\itm_obj_auto_scan\itm_obj_auto_scan\itmlib\itmlib.dir\debug\itmlib.tlog\lib.command.1.tlog
