  CompositeImageSourceEngine.cpp
C:\Program Files\NVIDIA GPU Computing Toolkit\CUDA\v8.0\include\cuda_runtime_api.h(1946): warning C4819: 檔案含有無法在目前字碼頁 (950) 中表示的字元。請以 Unicode 格式儲存檔案以防止資料遺失
C:\Program Files\NVIDIA GPU Computing Toolkit\CUDA\v8.0\include\cuda_runtime.h : warning C4819: 檔案含有無法在目前字碼頁 (950) 中表示的字元。請以 Unicode 格式儲存檔案以防止資料遺失
c:\program files\nvidia gpu computing toolkit\cuda\v8.0\include\cuda_runtime_api.h(1946): warning C4819: 檔案含有無法在目前字碼頁 (950) 中表示的字元。請以 Unicode 格式儲存檔案以防止資料遺失
c:\program files\nvidia gpu computing toolkit\cuda\v8.0\include\cuda_runtime_api.h(1946): warning C4819: 檔案含有無法在目前字碼頁 (950) 中表示的字元。請以 Unicode 格式儲存檔案以防止資料遺失
  FFMPEGReader.cpp
C:\Program Files\NVIDIA GPU Computing Toolkit\CUDA\v8.0\include\cuda_runtime_api.h(1946): warning C4819: 檔案含有無法在目前字碼頁 (950) 中表示的字元。請以 Unicode 格式儲存檔案以防止資料遺失
C:\Program Files\NVIDIA GPU Computing Toolkit\CUDA\v8.0\include\cuda_runtime.h : warning C4819: 檔案含有無法在目前字碼頁 (950) 中表示的字元。請以 Unicode 格式儲存檔案以防止資料遺失
c:\program files\nvidia gpu computing toolkit\cuda\v8.0\include\cuda_runtime_api.h(1946): warning C4819: 檔案含有無法在目前字碼頁 (950) 中表示的字元。請以 Unicode 格式儲存檔案以防止資料遺失
c:\program files\nvidia gpu computing toolkit\cuda\v8.0\include\cuda_runtime_api.h(1946): warning C4819: 檔案含有無法在目前字碼頁 (950) 中表示的字元。請以 Unicode 格式儲存檔案以防止資料遺失
  FFMPEGWriter.cpp
C:\Program Files\NVIDIA GPU Computing Toolkit\CUDA\v8.0\include\cuda_runtime_api.h(1946): warning C4819: 檔案含有無法在目前字碼頁 (950) 中表示的字元。請以 Unicode 格式儲存檔案以防止資料遺失
C:\Program Files\NVIDIA GPU Computing Toolkit\CUDA\v8.0\include\cuda_runtime.h : warning C4819: 檔案含有無法在目前字碼頁 (950) 中表示的字元。請以 Unicode 格式儲存檔案以防止資料遺失
c:\program files\nvidia gpu computing toolkit\cuda\v8.0\include\cuda_runtime_api.h(1946): warning C4819: 檔案含有無法在目前字碼頁 (950) 中表示的字元。請以 Unicode 格式儲存檔案以防止資料遺失
c:\program files\nvidia gpu computing toolkit\cuda\v8.0\include\cuda_runtime_api.h(1946): warning C4819: 檔案含有無法在目前字碼頁 (950) 中表示的字元。請以 Unicode 格式儲存檔案以防止資料遺失
  IdleImageSourceEngine.cpp
C:\Program Files\NVIDIA GPU Computing Toolkit\CUDA\v8.0\include\cuda_runtime_api.h(1946): warning C4819: 檔案含有無法在目前字碼頁 (950) 中表示的字元。請以 Unicode 格式儲存檔案以防止資料遺失
C:\Program Files\NVIDIA GPU Computing Toolkit\CUDA\v8.0\include\cuda_runtime.h : warning C4819: 檔案含有無法在目前字碼頁 (950) 中表示的字元。請以 Unicode 格式儲存檔案以防止資料遺失
c:\program files\nvidia gpu computing toolkit\cuda\v8.0\include\cuda_runtime_api.h(1946): warning C4819: 檔案含有無法在目前字碼頁 (950) 中表示的字元。請以 Unicode 格式儲存檔案以防止資料遺失
c:\program files\nvidia gpu computing toolkit\cuda\v8.0\include\cuda_runtime_api.h(1946): warning C4819: 檔案含有無法在目前字碼頁 (950) 中表示的字元。請以 Unicode 格式儲存檔案以防止資料遺失
  ImageSourceEngine.cpp
C:\Program Files\NVIDIA GPU Computing Toolkit\CUDA\v8.0\include\cuda_runtime_api.h(1946): warning C4819: 檔案含有無法在目前字碼頁 (950) 中表示的字元。請以 Unicode 格式儲存檔案以防止資料遺失
C:\Program Files\NVIDIA GPU Computing Toolkit\CUDA\v8.0\include\cuda_runtime.h : warning C4819: 檔案含有無法在目前字碼頁 (950) 中表示的字元。請以 Unicode 格式儲存檔案以防止資料遺失
c:\program files\nvidia gpu computing toolkit\cuda\v8.0\include\cuda_runtime_api.h(1946): warning C4819: 檔案含有無法在目前字碼頁 (950) 中表示的字元。請以 Unicode 格式儲存檔案以防止資料遺失
c:\program files\nvidia gpu computing toolkit\cuda\v8.0\include\cuda_runtime_api.h(1946): warning C4819: 檔案含有無法在目前字碼頁 (950) 中表示的字元。請以 Unicode 格式儲存檔案以防止資料遺失
  IMUSourceEngine.cpp
C:\Program Files\NVIDIA GPU Computing Toolkit\CUDA\v8.0\include\cuda_runtime_api.h(1946): warning C4819: 檔案含有無法在目前字碼頁 (950) 中表示的字元。請以 Unicode 格式儲存檔案以防止資料遺失
C:\Program Files\NVIDIA GPU Computing Toolkit\CUDA\v8.0\include\cuda_runtime.h : warning C4819: 檔案含有無法在目前字碼頁 (950) 中表示的字元。請以 Unicode 格式儲存檔案以防止資料遺失
c:\program files\nvidia gpu computing toolkit\cuda\v8.0\include\cuda_runtime_api.h(1946): warning C4819: 檔案含有無法在目前字碼頁 (950) 中表示的字元。請以 Unicode 格式儲存檔案以防止資料遺失
c:\program files\nvidia gpu computing toolkit\cuda\v8.0\include\cuda_runtime_api.h(1946): warning C4819: 檔案含有無法在目前字碼頁 (950) 中表示的字元。請以 Unicode 格式儲存檔案以防止資料遺失
  Kinect2Engine.cpp
C:\Program Files\NVIDIA GPU Computing Toolkit\CUDA\v8.0\include\cuda_runtime_api.h(1946): warning C4819: 檔案含有無法在目前字碼頁 (950) 中表示的字元。請以 Unicode 格式儲存檔案以防止資料遺失
C:\Program Files\NVIDIA GPU Computing Toolkit\CUDA\v8.0\include\cuda_runtime.h : warning C4819: 檔案含有無法在目前字碼頁 (950) 中表示的字元。請以 Unicode 格式儲存檔案以防止資料遺失
c:\program files\nvidia gpu computing toolkit\cuda\v8.0\include\cuda_runtime_api.h(1946): warning C4819: 檔案含有無法在目前字碼頁 (950) 中表示的字元。請以 Unicode 格式儲存檔案以防止資料遺失
c:\program files\nvidia gpu computing toolkit\cuda\v8.0\include\cuda_runtime_api.h(1946): warning C4819: 檔案含有無法在目前字碼頁 (950) 中表示的字元。請以 Unicode 格式儲存檔案以防止資料遺失
  LibUVCEngine.cpp
C:\Program Files\NVIDIA GPU Computing Toolkit\CUDA\v8.0\include\cuda_runtime_api.h(1946): warning C4819: 檔案含有無法在目前字碼頁 (950) 中表示的字元。請以 Unicode 格式儲存檔案以防止資料遺失
C:\Program Files\NVIDIA GPU Computing Toolkit\CUDA\v8.0\include\cuda_runtime.h : warning C4819: 檔案含有無法在目前字碼頁 (950) 中表示的字元。請以 Unicode 格式儲存檔案以防止資料遺失
c:\program files\nvidia gpu computing toolkit\cuda\v8.0\include\cuda_runtime_api.h(1946): warning C4819: 檔案含有無法在目前字碼頁 (950) 中表示的字元。請以 Unicode 格式儲存檔案以防止資料遺失
c:\program files\nvidia gpu computing toolkit\cuda\v8.0\include\cuda_runtime_api.h(1946): warning C4819: 檔案含有無法在目前字碼頁 (950) 中表示的字元。請以 Unicode 格式儲存檔案以防止資料遺失
  OpenNIEngine.cpp
C:\Program Files\NVIDIA GPU Computing Toolkit\CUDA\v8.0\include\cuda_runtime_api.h(1946): warning C4819: 檔案含有無法在目前字碼頁 (950) 中表示的字元。請以 Unicode 格式儲存檔案以防止資料遺失
C:\Program Files\NVIDIA GPU Computing Toolkit\CUDA\v8.0\include\cuda_runtime.h : warning C4819: 檔案含有無法在目前字碼頁 (950) 中表示的字元。請以 Unicode 格式儲存檔案以防止資料遺失
c:\program files\nvidia gpu computing toolkit\cuda\v8.0\include\cuda_runtime_api.h(1946): warning C4819: 檔案含有無法在目前字碼頁 (950) 中表示的字元。請以 Unicode 格式儲存檔案以防止資料遺失
c:\program files\nvidia gpu computing toolkit\cuda\v8.0\include\cuda_runtime_api.h(1946): warning C4819: 檔案含有無法在目前字碼頁 (950) 中表示的字元。請以 Unicode 格式儲存檔案以防止資料遺失
  PicoFlexxEngine.cpp
C:\Program Files\NVIDIA GPU Computing Toolkit\CUDA\v8.0\include\cuda_runtime_api.h(1946): warning C4819: 檔案含有無法在目前字碼頁 (950) 中表示的字元。請以 Unicode 格式儲存檔案以防止資料遺失
C:\Program Files\NVIDIA GPU Computing Toolkit\CUDA\v8.0\include\cuda_runtime.h : warning C4819: 檔案含有無法在目前字碼頁 (950) 中表示的字元。請以 Unicode 格式儲存檔案以防止資料遺失
c:\program files\nvidia gpu computing toolkit\cuda\v8.0\include\cuda_runtime_api.h(1946): warning C4819: 檔案含有無法在目前字碼頁 (950) 中表示的字元。請以 Unicode 格式儲存檔案以防止資料遺失
c:\program files\nvidia gpu computing toolkit\cuda\v8.0\include\cuda_runtime_api.h(1946): warning C4819: 檔案含有無法在目前字碼頁 (950) 中表示的字元。請以 Unicode 格式儲存檔案以防止資料遺失
D:\Software\PCL-1.8.0-vs2015\PCL 1.8.0\include\pcl-1.8\pcl/pcl_macros.h(72): warning C4005: '_USE_MATH_DEFINES': 巨集重複定義
  D:\Software\PCL-1.8.0-vs2015\PCL 1.8.0\include\pcl-1.8\pcl/pcl_macros.h(72): note: 命令列引數: 請參閱 '_USE_MATH_DEFINES' 先前的定義
D:\Software\PCL-1.8.0-vs2015\PCL 1.8.0\include\pcl-1.8\pcl/point_traits.h : warning C4819: 檔案含有無法在目前字碼頁 (950) 中表示的字元。請以 Unicode 格式儲存檔案以防止資料遺失
D:\Software\PCL-1.8.0-vs2015\PCL 1.8.0\include\pcl-1.8\pcl/visualization/interactor_style.h : warning C4819: 檔案含有無法在目前字碼頁 (950) 中表示的字元。請以 Unicode 格式儲存檔案以防止資料遺失
D:\Software\PCL-1.8.0-vs2015\PCL 1.8.0\include\pcl-1.8\pcl/visualization/pcl_visualizer.h(1618): warning C4819: 檔案含有無法在目前字碼頁 (950) 中表示的字元。請以 Unicode 格式儲存檔案以防止資料遺失
D:\github\ITM_OBJ_Auto_Scan\ITM_OBJ_Auto_SCAN\ITM_OBJ_Auto_SCAN\include\UI/ITMEngine.h(6): fatal error C1083: 無法開啟包含檔案: '../InputSource/include/OpenNIEngine.h': No such file or directory
  RealSenseEngine.cpp
d:\code\librealsense-master\include\librealsense\rs.h : warning C4819: 檔案含有無法在目前字碼頁 (950) 中表示的字元。請以 Unicode 格式儲存檔案以防止資料遺失
C:\Program Files\NVIDIA GPU Computing Toolkit\CUDA\v8.0\include\cuda_runtime_api.h(1946): warning C4819: 檔案含有無法在目前字碼頁 (950) 中表示的字元。請以 Unicode 格式儲存檔案以防止資料遺失
C:\Program Files\NVIDIA GPU Computing Toolkit\CUDA\v8.0\include\cuda_runtime.h : warning C4819: 檔案含有無法在目前字碼頁 (950) 中表示的字元。請以 Unicode 格式儲存檔案以防止資料遺失
c:\program files\nvidia gpu computing toolkit\cuda\v8.0\include\cuda_runtime_api.h(1946): warning C4819: 檔案含有無法在目前字碼頁 (950) 中表示的字元。請以 Unicode 格式儲存檔案以防止資料遺失
c:\program files\nvidia gpu computing toolkit\cuda\v8.0\include\cuda_runtime_api.h(1946): warning C4819: 檔案含有無法在目前字碼頁 (950) 中表示的字元。請以 Unicode 格式儲存檔案以防止資料遺失
  正在產生程式碼...
